<?xml version="1.0" encoding="UTF-8" ?>
<testsuites>
  <testsuite errors="1" failures="0" hostname="arnabd-VirtualBox" id="0" name="CIVLLinkageTest" package="edu.udel.cis.vsl.abc" skipped="0" tests="1" time="0.0" timestamp="2016-04-11T08:07:55">
      <properties>
[...]
</properties>

      <error message="Unresolved compilation problems: &#xa;&#x9;The import edu.udel.cis.vsl.abc.front.c.preproc.PreprocessorParser cannot be resolved&#xa;&#x9;PreprocessorParser cannot be resolved to a variable&#xa;&#x9;PreprocessorParser cannot be resolved to a variable&#xa;&#x9;PreprocessorParser cannot be resolved to a variable&#xa;" type="java.lang.Error">java.lang.Error: Unresolved compilation problems: 
	The import edu.udel.cis.vsl.abc.front.c.preproc.PreprocessorParser cannot be resolved
	PreprocessorParser cannot be resolved to a variable
	PreprocessorParser cannot be resolved to a variable
	PreprocessorParser cannot be resolved to a variable

	at edu.udel.cis.vsl.abc.main.FrontEnd.&lt;init&gt;(FrontEnd.java:47)
	at edu.udel.cis.vsl.abc.CIVLLinkageTest.&lt;clinit&gt;(CIVLLinkageTest.java:31)
	at java.lang.Class.forName0(Native Method)
	at java.lang.Class.forName(Class.java:195)
</error>

      <system-out><![CDATA[]]></system-out>

      <system-err><![CDATA[]]></system-err>

  </testsuite>
  <testsuite errors="1" failures="0" hostname="arnabd-VirtualBox" id="1" name="CIVLTranslationTest" package="edu.udel.cis.vsl.abc" skipped="0" tests="1" time="0.0" timestamp="2016-04-11T08:07:56">
      <properties>
[...]
</properties>

      <error message="Unresolved compilation problems: &#xa;&#x9;The import edu.udel.cis.vsl.abc.front.c.preproc.PreprocessorParser cannot be resolved&#xa;&#x9;PreprocessorParser cannot be resolved to a variable&#xa;&#x9;PreprocessorParser cannot be resolved to a variable&#xa;&#x9;PreprocessorParser cannot be resolved to a variable&#xa;" type="java.lang.Error">java.lang.Error: Unresolved compilation problems: 
	The import edu.udel.cis.vsl.abc.front.c.preproc.PreprocessorParser cannot be resolved
	PreprocessorParser cannot be resolved to a variable
	PreprocessorParser cannot be resolved to a variable
	PreprocessorParser cannot be resolved to a variable

	at edu.udel.cis.vsl.abc.main.FrontEnd.&lt;init&gt;(FrontEnd.java:47)
	at edu.udel.cis.vsl.abc.CIVLTranslationTest.&lt;clinit&gt;(CIVLTranslationTest.java:30)
	at java.lang.Class.forName0(Native Method)
	at java.lang.Class.forName(Class.java:195)
</error>

      <system-out><![CDATA[]]></system-out>

      <system-err><![CDATA[]]></system-err>

  </testsuite>
  <testsuite errors="1" failures="0" hostname="arnabd-VirtualBox" id="2" name="CLinkageTest" package="edu.udel.cis.vsl.abc" skipped="0" tests="1" time="0.0" timestamp="2016-04-11T08:07:56">
      <properties>
[...]
</properties>

      <error message="Unresolved compilation problems: &#xa;&#x9;The import edu.udel.cis.vsl.abc.front.c.preproc.PreprocessorParser cannot be resolved&#xa;&#x9;PreprocessorParser cannot be resolved to a variable&#xa;&#x9;PreprocessorParser cannot be resolved to a variable&#xa;&#x9;PreprocessorParser cannot be resolved to a variable&#xa;" type="java.lang.Error">java.lang.Error: Unresolved compilation problems: 
	The import edu.udel.cis.vsl.abc.front.c.preproc.PreprocessorParser cannot be resolved
	PreprocessorParser cannot be resolved to a variable
	PreprocessorParser cannot be resolved to a variable
	PreprocessorParser cannot be resolved to a variable

	at edu.udel.cis.vsl.abc.main.FrontEnd.&lt;init&gt;(FrontEnd.java:47)
	at edu.udel.cis.vsl.abc.CLinkageTest.&lt;clinit&gt;(CLinkageTest.java:44)
	at java.lang.Class.forName0(Native Method)
	at java.lang.Class.forName(Class.java:195)
</error>

      <system-out><![CDATA[]]></system-out>

      <system-err><![CDATA[]]></system-err>

  </testsuite>
  <testsuite errors="1" failures="0" hostname="arnabd-VirtualBox" id="3" name="CTranslationTest" package="edu.udel.cis.vsl.abc" skipped="0" tests="1" time="0.0" timestamp="2016-04-11T08:07:56">
      <properties>
[...]
</properties>

      <error message="Unresolved compilation problems: &#xa;&#x9;The import edu.udel.cis.vsl.abc.front.c.preproc.PreprocessorParser cannot be resolved&#xa;&#x9;PreprocessorParser cannot be resolved to a variable&#xa;&#x9;PreprocessorParser cannot be resolved to a variable&#xa;&#x9;PreprocessorParser cannot be resolved to a variable&#xa;" type="java.lang.Error">java.lang.Error: Unresolved compilation problems: 
	The import edu.udel.cis.vsl.abc.front.c.preproc.PreprocessorParser cannot be resolved
	PreprocessorParser cannot be resolved to a variable
	PreprocessorParser cannot be resolved to a variable
	PreprocessorParser cannot be resolved to a variable

	at edu.udel.cis.vsl.abc.main.FrontEnd.&lt;init&gt;(FrontEnd.java:47)
	at edu.udel.cis.vsl.abc.CTranslationTest.&lt;clinit&gt;(CTranslationTest.java:43)
	at java.lang.Class.forName0(Native Method)
	at java.lang.Class.forName(Class.java:195)
</error>

      <system-out><![CDATA[]]></system-out>

      <system-err><![CDATA[]]></system-err>

  </testsuite>
  <testsuite errors="1" failures="0" hostname="arnabd-VirtualBox" id="4" name="CallGraphTest" package="edu.udel.cis.vsl.abc" skipped="0" tests="1" time="0.0" timestamp="2016-04-11T08:07:57">
      <properties>
[...]
</properties>

      <error message="Unresolved compilation problems: &#xa;&#x9;The import edu.udel.cis.vsl.abc.front.c.preproc.PreprocessorParser cannot be resolved&#xa;&#x9;PreprocessorParser cannot be resolved to a variable&#xa;&#x9;PreprocessorParser cannot be resolved to a variable&#xa;&#x9;PreprocessorParser cannot be resolved to a variable&#xa;" type="java.lang.Error">java.lang.Error: Unresolved compilation problems: 
	The import edu.udel.cis.vsl.abc.front.c.preproc.PreprocessorParser cannot be resolved
	PreprocessorParser cannot be resolved to a variable
	PreprocessorParser cannot be resolved to a variable
	PreprocessorParser cannot be resolved to a variable

	at edu.udel.cis.vsl.abc.main.FrontEnd.&lt;init&gt;(FrontEnd.java:47)
	at edu.udel.cis.vsl.abc.CallGraphTest.&lt;clinit&gt;(CallGraphTest.java:42)
	at java.lang.Class.forName0(Native Method)
	at java.lang.Class.forName(Class.java:195)
</error>

      <system-out><![CDATA[]]></system-out>

      <system-err><![CDATA[]]></system-err>

  </testsuite>
  <testsuite errors="1" failures="0" hostname="arnabd-VirtualBox" id="5" name="CloneTest" package="edu.udel.cis.vsl.abc" skipped="0" tests="1" time="0.0" timestamp="2016-04-11T08:07:57">
      <properties>
[...]
</properties>

      <error message="Unresolved compilation problems: &#xa;&#x9;The import edu.udel.cis.vsl.abc.front.c.preproc.PreprocessorParser cannot be resolved&#xa;&#x9;PreprocessorParser cannot be resolved to a variable&#xa;&#x9;PreprocessorParser cannot be resolved to a variable&#xa;&#x9;PreprocessorParser cannot be resolved to a variable&#xa;" type="java.lang.Error">java.lang.Error: Unresolved compilation problems: 
	The import edu.udel.cis.vsl.abc.front.c.preproc.PreprocessorParser cannot be resolved
	PreprocessorParser cannot be resolved to a variable
	PreprocessorParser cannot be resolved to a variable
	PreprocessorParser cannot be resolved to a variable

	at edu.udel.cis.vsl.abc.main.FrontEnd.&lt;init&gt;(FrontEnd.java:47)
	at edu.udel.cis.vsl.abc.CloneTest.&lt;clinit&gt;(CloneTest.java:42)
	at java.lang.Class.forName0(Native Method)
	at java.lang.Class.forName(Class.java:195)
</error>

      <system-out><![CDATA[]]></system-out>

      <system-err><![CDATA[]]></system-err>

  </testsuite>
  <testsuite errors="1" failures="0" hostname="arnabd-VirtualBox" id="6" name="CompareTest" package="edu.udel.cis.vsl.abc" skipped="0" tests="1" time="0.0" timestamp="2016-04-11T08:07:57">
      <properties>
[...]
</properties>

      <error message="Unresolved compilation problems: &#xa;&#x9;The import edu.udel.cis.vsl.abc.front.c.preproc.PreprocessorParser cannot be resolved&#xa;&#x9;PreprocessorParser cannot be resolved to a variable&#xa;&#x9;PreprocessorParser cannot be resolved to a variable&#xa;&#x9;PreprocessorParser cannot be resolved to a variable&#xa;" type="java.lang.Error">java.lang.Error: Unresolved compilation problems: 
	The import edu.udel.cis.vsl.abc.front.c.preproc.PreprocessorParser cannot be resolved
	PreprocessorParser cannot be resolved to a variable
	PreprocessorParser cannot be resolved to a variable
	PreprocessorParser cannot be resolved to a variable

	at edu.udel.cis.vsl.abc.main.FrontEnd.&lt;init&gt;(FrontEnd.java:47)
	at edu.udel.cis.vsl.abc.CompareTest.&lt;clinit&gt;(CompareTest.java:28)
	at java.lang.Class.forName0(Native Method)
	at java.lang.Class.forName(Class.java:195)
</error>

      <system-out><![CDATA[]]></system-out>

      <system-err><![CDATA[]]></system-err>

  </testsuite>
  <testsuite errors="1" failures="0" hostname="arnabd-VirtualBox" id="7" name="ContractTest" package="edu.udel.cis.vsl.abc" skipped="0" tests="1" time="0.0" timestamp="2016-04-11T08:07:57">
      <properties>
[...]
</properties>

      <error message="Unresolved compilation problems: &#xa;&#x9;The import edu.udel.cis.vsl.abc.front.c.preproc.PreprocessorParser cannot be resolved&#xa;&#x9;PreprocessorParser cannot be resolved to a variable&#xa;&#x9;PreprocessorParser cannot be resolved to a variable&#xa;&#x9;PreprocessorParser cannot be resolved to a variable&#xa;" type="java.lang.Error">java.lang.Error: Unresolved compilation problems: 
	The import edu.udel.cis.vsl.abc.front.c.preproc.PreprocessorParser cannot be resolved
	PreprocessorParser cannot be resolved to a variable
	PreprocessorParser cannot be resolved to a variable
	PreprocessorParser cannot be resolved to a variable

	at edu.udel.cis.vsl.abc.main.FrontEnd.&lt;init&gt;(FrontEnd.java:47)
	at edu.udel.cis.vsl.abc.ContractTest.&lt;clinit&gt;(ContractTest.java:29)
	at java.lang.Class.forName0(Native Method)
	at java.lang.Class.forName(Class.java:195)
</error>

      <system-out><![CDATA[]]></system-out>

      <system-err><![CDATA[]]></system-err>

  </testsuite>
  <testsuite errors="1" failures="0" hostname="arnabd-VirtualBox" id="8" name="EquivASTTest" package="edu.udel.cis.vsl.abc" skipped="0" tests="1" time="0.0" timestamp="2016-04-11T08:07:58">
      <properties>
[...]
</properties>

      <error message="Unresolved compilation problems: &#xa;&#x9;The import edu.udel.cis.vsl.abc.front.c.preproc.PreprocessorParser cannot be resolved&#xa;&#x9;PreprocessorParser cannot be resolved to a variable&#xa;&#x9;PreprocessorParser cannot be resolved to a variable&#xa;&#x9;PreprocessorParser cannot be resolved to a variable&#xa;" type="java.lang.Error">java.lang.Error: Unresolved compilation problems: 
	The import edu.udel.cis.vsl.abc.front.c.preproc.PreprocessorParser cannot be resolved
	PreprocessorParser cannot be resolved to a variable
	PreprocessorParser cannot be resolved to a variable
	PreprocessorParser cannot be resolved to a variable

	at edu.udel.cis.vsl.abc.main.FrontEnd.&lt;init&gt;(FrontEnd.java:47)
	at edu.udel.cis.vsl.abc.EquivASTTest.&lt;clinit&gt;(EquivASTTest.java:32)
	at java.lang.Class.forName0(Native Method)
	at java.lang.Class.forName(Class.java:195)
</error>

      <system-out><![CDATA[]]></system-out>

      <system-err><![CDATA[]]></system-err>

  </testsuite>
  <testsuite errors="1" failures="0" hostname="arnabd-VirtualBox" id="9" name="FEVSTranslationTest" package="edu.udel.cis.vsl.abc" skipped="0" tests="1" time="0.0" timestamp="2016-04-11T08:07:58">
      <properties>
[...]
</properties>

      <error message="Unresolved compilation problems: &#xa;&#x9;The import edu.udel.cis.vsl.abc.front.c.preproc.PreprocessorParser cannot be resolved&#xa;&#x9;PreprocessorParser cannot be resolved to a variable&#xa;&#x9;PreprocessorParser cannot be resolved to a variable&#xa;&#x9;PreprocessorParser cannot be resolved to a variable&#xa;" type="java.lang.Error">java.lang.Error: Unresolved compilation problems: 
	The import edu.udel.cis.vsl.abc.front.c.preproc.PreprocessorParser cannot be resolved
	PreprocessorParser cannot be resolved to a variable
	PreprocessorParser cannot be resolved to a variable
	PreprocessorParser cannot be resolved to a variable

	at edu.udel.cis.vsl.abc.main.FrontEnd.&lt;init&gt;(FrontEnd.java:47)
	at edu.udel.cis.vsl.abc.FEVSTranslationTest.&lt;clinit&gt;(FEVSTranslationTest.java:43)
	at java.lang.Class.forName0(Native Method)
	at java.lang.Class.forName(Class.java:195)
</error>

      <system-out><![CDATA[]]></system-out>

      <system-err><![CDATA[]]></system-err>

  </testsuite>
  <testsuite errors="1" failures="0" hostname="arnabd-VirtualBox" id="10" name="LibraryASTTest" package="edu.udel.cis.vsl.abc" skipped="0" tests="1" time="1.448" timestamp="2016-04-11T08:07:59">
      <properties>
[...]
</properties>

      <testcase classname="edu.udel.cis.vsl.abc.LibraryASTTest" name="stdio" time="1.217">
          <error message="Unresolved compilation problems: &#xa;&#x9;The import edu.udel.cis.vsl.abc.front.c.parse.CivlCParser cannot be resolved&#xa;&#x9;CivlCParser cannot be resolved to a variable&#xa;" type="java.lang.Error">java.lang.Error: Unresolved compilation problems: 
	The import edu.udel.cis.vsl.abc.front.c.parse.CivlCParser cannot be resolved
	CivlCParser cannot be resolved to a variable

	at edu.udel.cis.vsl.abc.ast.node.common.CommonNodeFactory.&lt;init&gt;(CommonNodeFactory.java:235)
	at edu.udel.cis.vsl.abc.ast.node.IF.Nodes.newNodeFactory(Nodes.java:31)
	at edu.udel.cis.vsl.abc.LibraryASTTest.stdio(LibraryASTTest.java:35)
</error>

      </testcase>

      <system-out><![CDATA[]]></system-out>

      <system-err><![CDATA[]]></system-err>

  </testsuite>
  <testsuite errors="1" failures="0" hostname="arnabd-VirtualBox" id="11" name="LinkTest" package="edu.udel.cis.vsl.abc" skipped="0" tests="1" time="0.0" timestamp="2016-04-11T08:08:01">
      <properties>
[...]
</properties>

      <error message="Unresolved compilation problems: &#xa;&#x9;The import edu.udel.cis.vsl.abc.front.c.preproc.PreprocessorParser cannot be resolved&#xa;&#x9;PreprocessorParser cannot be resolved to a variable&#xa;&#x9;PreprocessorParser cannot be resolved to a variable&#xa;&#x9;PreprocessorParser cannot be resolved to a variable&#xa;" type="java.lang.Error">java.lang.Error: Unresolved compilation problems: 
	The import edu.udel.cis.vsl.abc.front.c.preproc.PreprocessorParser cannot be resolved
	PreprocessorParser cannot be resolved to a variable
	PreprocessorParser cannot be resolved to a variable
	PreprocessorParser cannot be resolved to a variable

	at edu.udel.cis.vsl.abc.main.FrontEnd.&lt;init&gt;(FrontEnd.java:47)
	at edu.udel.cis.vsl.abc.LinkTest.&lt;clinit&gt;(LinkTest.java:45)
	at java.lang.Class.forName0(Native Method)
	at java.lang.Class.forName(Class.java:195)
</error>

      <system-out><![CDATA[]]></system-out>

      <system-err><![CDATA[]]></system-err>

  </testsuite>
  <testsuite errors="1" failures="0" hostname="arnabd-VirtualBox" id="12" name="MPITranslationTest" package="edu.udel.cis.vsl.abc" skipped="0" tests="1" time="0.0" timestamp="2016-04-11T08:08:01">
      <properties>
[...]
</properties>

      <error message="Unresolved compilation problems: &#xa;&#x9;The import edu.udel.cis.vsl.abc.front.c.preproc.PreprocessorParser cannot be resolved&#xa;&#x9;PreprocessorParser cannot be resolved to a variable&#xa;&#x9;PreprocessorParser cannot be resolved to a variable&#xa;&#x9;PreprocessorParser cannot be resolved to a variable&#xa;" type="java.lang.Error">java.lang.Error: Unresolved compilation problems: 
	The import edu.udel.cis.vsl.abc.front.c.preproc.PreprocessorParser cannot be resolved
	PreprocessorParser cannot be resolved to a variable
	PreprocessorParser cannot be resolved to a variable
	PreprocessorParser cannot be resolved to a variable

	at edu.udel.cis.vsl.abc.main.FrontEnd.&lt;init&gt;(FrontEnd.java:47)
	at edu.udel.cis.vsl.abc.MPITranslationTest.&lt;clinit&gt;(MPITranslationTest.java:43)
	at java.lang.Class.forName0(Native Method)
	at java.lang.Class.forName(Class.java:195)
</error>

      <system-out><![CDATA[]]></system-out>

      <system-err><![CDATA[]]></system-err>

  </testsuite>
  <testsuite errors="1" failures="0" hostname="arnabd-VirtualBox" id="13" name="OmpTranslationTest" package="edu.udel.cis.vsl.abc" skipped="0" tests="1" time="0.0" timestamp="2016-04-11T08:08:01">
      <properties>
[...]
</properties>

      <error message="Unresolved compilation problems: &#xa;&#x9;The import edu.udel.cis.vsl.abc.front.c.preproc.PreprocessorParser cannot be resolved&#xa;&#x9;PreprocessorParser cannot be resolved to a variable&#xa;&#x9;PreprocessorParser cannot be resolved to a variable&#xa;&#x9;PreprocessorParser cannot be resolved to a variable&#xa;" type="java.lang.Error">java.lang.Error: Unresolved compilation problems: 
	The import edu.udel.cis.vsl.abc.front.c.preproc.PreprocessorParser cannot be resolved
	PreprocessorParser cannot be resolved to a variable
	PreprocessorParser cannot be resolved to a variable
	PreprocessorParser cannot be resolved to a variable

	at edu.udel.cis.vsl.abc.main.FrontEnd.&lt;init&gt;(FrontEnd.java:47)
	at edu.udel.cis.vsl.abc.OmpTranslationTest.&lt;clinit&gt;(OmpTranslationTest.java:48)
	at java.lang.Class.forName0(Native Method)
	at java.lang.Class.forName(Class.java:195)
</error>

      <system-out><![CDATA[]]></system-out>

      <system-err><![CDATA[]]></system-err>

  </testsuite>
  <testsuite errors="1" failures="0" hostname="arnabd-VirtualBox" id="14" name="PruneTest" package="edu.udel.cis.vsl.abc" skipped="0" tests="1" time="0.0" timestamp="2016-04-11T08:08:01">
      <properties>
[...]
</properties>

      <error message="Unresolved compilation problems: &#xa;&#x9;The import edu.udel.cis.vsl.abc.front.c.preproc.PreprocessorParser cannot be resolved&#xa;&#x9;PreprocessorParser cannot be resolved to a variable&#xa;&#x9;PreprocessorParser cannot be resolved to a variable&#xa;&#x9;PreprocessorParser cannot be resolved to a variable&#xa;" type="java.lang.Error">java.lang.Error: Unresolved compilation problems: 
	The import edu.udel.cis.vsl.abc.front.c.preproc.PreprocessorParser cannot be resolved
	PreprocessorParser cannot be resolved to a variable
	PreprocessorParser cannot be resolved to a variable
	PreprocessorParser cannot be resolved to a variable

	at edu.udel.cis.vsl.abc.main.FrontEnd.&lt;init&gt;(FrontEnd.java:47)
	at edu.udel.cis.vsl.abc.PruneTest.&lt;clinit&gt;(PruneTest.java:41)
	at java.lang.Class.forName0(Native Method)
	at java.lang.Class.forName(Class.java:195)
</error>

      <system-out><![CDATA[]]></system-out>

      <system-err><![CDATA[]]></system-err>

  </testsuite>
  <testsuite errors="1" failures="0" hostname="arnabd-VirtualBox" id="15" name="SideEffectRemoverTest" package="edu.udel.cis.vsl.abc" skipped="0" tests="1" time="0.0" timestamp="2016-04-11T08:08:01">
      <properties>
[...]
</properties>

      <error message="Unresolved compilation problems: &#xa;&#x9;The import edu.udel.cis.vsl.abc.front.c.preproc.PreprocessorParser cannot be resolved&#xa;&#x9;PreprocessorParser cannot be resolved to a variable&#xa;&#x9;PreprocessorParser cannot be resolved to a variable&#xa;&#x9;PreprocessorParser cannot be resolved to a variable&#xa;" type="java.lang.Error">java.lang.Error: Unresolved compilation problems: 
	The import edu.udel.cis.vsl.abc.front.c.preproc.PreprocessorParser cannot be resolved
	PreprocessorParser cannot be resolved to a variable
	PreprocessorParser cannot be resolved to a variable
	PreprocessorParser cannot be resolved to a variable

	at edu.udel.cis.vsl.abc.main.FrontEnd.&lt;init&gt;(FrontEnd.java:47)
	at edu.udel.cis.vsl.abc.SideEffectRemoverTest.&lt;clinit&gt;(SideEffectRemoverTest.java:30)
	at java.lang.Class.forName0(Native Method)
	at java.lang.Class.forName(Class.java:195)
</error>

      <system-out><![CDATA[]]></system-out>

      <system-err><![CDATA[]]></system-err>

  </testsuite>
  <testsuite errors="21" failures="0" hostname="arnabd-VirtualBox" id="16" name="SvcompTest" package="edu.udel.cis.vsl.abc" skipped="1" tests="22" time="0.54" timestamp="2016-04-11T08:08:01">
      <properties>
[...]
</properties>

      <testcase classname="edu.udel.cis.vsl.abc.SvcompTest" name="sll_to_dll_rev" time="0.236">
          <error message="Unresolved compilation problems: &#xa;&#x9;The import edu.udel.cis.vsl.abc.front.c.preproc.PreprocessorParser cannot be resolved&#xa;&#x9;PreprocessorParser cannot be resolved to a variable&#xa;&#x9;PreprocessorParser cannot be resolved to a variable&#xa;&#x9;PreprocessorParser cannot be resolved to a variable&#xa;" type="java.lang.Error">java.lang.Error: Unresolved compilation problems: 
	The import edu.udel.cis.vsl.abc.front.c.preproc.PreprocessorParser cannot be resolved
	PreprocessorParser cannot be resolved to a variable
	PreprocessorParser cannot be resolved to a variable
	PreprocessorParser cannot be resolved to a variable

	at edu.udel.cis.vsl.abc.main.FrontEnd.&lt;init&gt;(FrontEnd.java:47)
	at edu.udel.cis.vsl.abc.SvcompTest.check(SvcompTest.java:51)
	at edu.udel.cis.vsl.abc.SvcompTest.sll_to_dll_rev(SvcompTest.java:113)
</error>

      </testcase>

      <testcase classname="edu.udel.cis.vsl.abc.SvcompTest" name="implicitFunction" time="0.004">
          <error message="Unresolved compilation problems: &#xa;&#x9;The import edu.udel.cis.vsl.abc.front.c.preproc.PreprocessorParser cannot be resolved&#xa;&#x9;PreprocessorParser cannot be resolved to a variable&#xa;&#x9;PreprocessorParser cannot be resolved to a variable&#xa;&#x9;PreprocessorParser cannot be resolved to a variable&#xa;" type="java.lang.Error">java.lang.Error: Unresolved compilation problems: 
	The import edu.udel.cis.vsl.abc.front.c.preproc.PreprocessorParser cannot be resolved
	PreprocessorParser cannot be resolved to a variable
	PreprocessorParser cannot be resolved to a variable
	PreprocessorParser cannot be resolved to a variable

	at edu.udel.cis.vsl.abc.main.FrontEnd.&lt;init&gt;(FrontEnd.java:47)
	at edu.udel.cis.vsl.abc.SvcompTest.check(SvcompTest.java:51)
	at edu.udel.cis.vsl.abc.SvcompTest.implicitFunction(SvcompTest.java:154)
</error>

      </testcase>

      <testcase classname="edu.udel.cis.vsl.abc.SvcompTest" name="cs_fib" time="0.004">
          <error message="Unresolved compilation problems: &#xa;&#x9;The import edu.udel.cis.vsl.abc.front.c.preproc.PreprocessorParser cannot be resolved&#xa;&#x9;PreprocessorParser cannot be resolved to a variable&#xa;&#x9;PreprocessorParser cannot be resolved to a variable&#xa;&#x9;PreprocessorParser cannot be resolved to a variable&#xa;" type="java.lang.Error">java.lang.Error: Unresolved compilation problems: 
	The import edu.udel.cis.vsl.abc.front.c.preproc.PreprocessorParser cannot be resolved
	PreprocessorParser cannot be resolved to a variable
	PreprocessorParser cannot be resolved to a variable
	PreprocessorParser cannot be resolved to a variable

	at edu.udel.cis.vsl.abc.main.FrontEnd.&lt;init&gt;(FrontEnd.java:47)
	at edu.udel.cis.vsl.abc.SvcompTest.check(SvcompTest.java:51)
	at edu.udel.cis.vsl.abc.SvcompTest.cs_fib(SvcompTest.java:123)
</error>

      </testcase>

      <testcase classname="edu.udel.cis.vsl.abc.SvcompTest" name="svcompHeader" time="0.007">
          <error message="Unresolved compilation problems: &#xa;&#x9;The import edu.udel.cis.vsl.abc.front.c.preproc.PreprocessorParser cannot be resolved&#xa;&#x9;PreprocessorParser cannot be resolved to a variable&#xa;&#x9;PreprocessorParser cannot be resolved to a variable&#xa;&#x9;PreprocessorParser cannot be resolved to a variable&#xa;" type="java.lang.Error">java.lang.Error: Unresolved compilation problems: 
	The import edu.udel.cis.vsl.abc.front.c.preproc.PreprocessorParser cannot be resolved
	PreprocessorParser cannot be resolved to a variable
	PreprocessorParser cannot be resolved to a variable
	PreprocessorParser cannot be resolved to a variable

	at edu.udel.cis.vsl.abc.main.FrontEnd.&lt;init&gt;(FrontEnd.java:47)
	at edu.udel.cis.vsl.abc.SvcompTest.check(SvcompTest.java:51)
	at edu.udel.cis.vsl.abc.SvcompTest.svcompHeader(SvcompTest.java:75)
</error>

      </testcase>

      <testcase classname="edu.udel.cis.vsl.abc.SvcompTest" name="simple_loop5" time="0.004">
          <error message="Unresolved compilation problems: &#xa;&#x9;The import edu.udel.cis.vsl.abc.front.c.preproc.PreprocessorParser cannot be resolved&#xa;&#x9;PreprocessorParser cannot be resolved to a variable&#xa;&#x9;PreprocessorParser cannot be resolved to a variable&#xa;&#x9;PreprocessorParser cannot be resolved to a variable&#xa;" type="java.lang.Error">java.lang.Error: Unresolved compilation problems: 
	The import edu.udel.cis.vsl.abc.front.c.preproc.PreprocessorParser cannot be resolved
	PreprocessorParser cannot be resolved to a variable
	PreprocessorParser cannot be resolved to a variable
	PreprocessorParser cannot be resolved to a variable

	at edu.udel.cis.vsl.abc.main.FrontEnd.&lt;init&gt;(FrontEnd.java:47)
	at edu.udel.cis.vsl.abc.SvcompTest.check(SvcompTest.java:51)
	at edu.udel.cis.vsl.abc.SvcompTest.simple_loop5(SvcompTest.java:95)
</error>

      </testcase>

      <testcase classname="edu.udel.cis.vsl.abc.SvcompTest" name="statementExpression" time="0.004">
          <error message="Unresolved compilation problems: &#xa;&#x9;The import edu.udel.cis.vsl.abc.front.c.preproc.PreprocessorParser cannot be resolved&#xa;&#x9;PreprocessorParser cannot be resolved to a variable&#xa;&#x9;PreprocessorParser cannot be resolved to a variable&#xa;&#x9;PreprocessorParser cannot be resolved to a variable&#xa;" type="java.lang.Error">java.lang.Error: Unresolved compilation problems: 
	The import edu.udel.cis.vsl.abc.front.c.preproc.PreprocessorParser cannot be resolved
	PreprocessorParser cannot be resolved to a variable
	PreprocessorParser cannot be resolved to a variable
	PreprocessorParser cannot be resolved to a variable

	at edu.udel.cis.vsl.abc.main.FrontEnd.&lt;init&gt;(FrontEnd.java:47)
	at edu.udel.cis.vsl.abc.SvcompTest.check(SvcompTest.java:51)
	at edu.udel.cis.vsl.abc.SvcompTest.statementExpression(SvcompTest.java:164)
</error>

      </testcase>

      <testcase classname="edu.udel.cis.vsl.abc.SvcompTest" name="queue_ok_longest_true" time="0.014">
          <error message="Unresolved compilation problems: &#xa;&#x9;The import edu.udel.cis.vsl.abc.front.c.preproc.PreprocessorParser cannot be resolved&#xa;&#x9;PreprocessorParser cannot be resolved to a variable&#xa;&#x9;PreprocessorParser cannot be resolved to a variable&#xa;&#x9;PreprocessorParser cannot be resolved to a variable&#xa;" type="java.lang.Error">java.lang.Error: Unresolved compilation problems: 
	The import edu.udel.cis.vsl.abc.front.c.preproc.PreprocessorParser cannot be resolved
	PreprocessorParser cannot be resolved to a variable
	PreprocessorParser cannot be resolved to a variable
	PreprocessorParser cannot be resolved to a variable

	at edu.udel.cis.vsl.abc.main.FrontEnd.&lt;init&gt;(FrontEnd.java:47)
	at edu.udel.cis.vsl.abc.SvcompTest.check(SvcompTest.java:51)
	at edu.udel.cis.vsl.abc.SvcompTest.queue_ok_longest_true(SvcompTest.java:58)
</error>

      </testcase>

      <testcase classname="edu.udel.cis.vsl.abc.SvcompTest" name="typeof" time="0.003">
          <error message="Unresolved compilation problems: &#xa;&#x9;The import edu.udel.cis.vsl.abc.front.c.preproc.PreprocessorParser cannot be resolved&#xa;&#x9;PreprocessorParser cannot be resolved to a variable&#xa;&#x9;PreprocessorParser cannot be resolved to a variable&#xa;&#x9;PreprocessorParser cannot be resolved to a variable&#xa;" type="java.lang.Error">java.lang.Error: Unresolved compilation problems: 
	The import edu.udel.cis.vsl.abc.front.c.preproc.PreprocessorParser cannot be resolved
	PreprocessorParser cannot be resolved to a variable
	PreprocessorParser cannot be resolved to a variable
	PreprocessorParser cannot be resolved to a variable

	at edu.udel.cis.vsl.abc.main.FrontEnd.&lt;init&gt;(FrontEnd.java:47)
	at edu.udel.cis.vsl.abc.SvcompTest.check(SvcompTest.java:51)
	at edu.udel.cis.vsl.abc.SvcompTest.typeof(SvcompTest.java:169)
</error>

      </testcase>

      <testcase classname="edu.udel.cis.vsl.abc.SvcompTest" name="parport" time="0.004">
          <error message="Unresolved compilation problems: &#xa;&#x9;The import edu.udel.cis.vsl.abc.front.c.preproc.PreprocessorParser cannot be resolved&#xa;&#x9;PreprocessorParser cannot be resolved to a variable&#xa;&#x9;PreprocessorParser cannot be resolved to a variable&#xa;&#x9;PreprocessorParser cannot be resolved to a variable&#xa;" type="java.lang.Error">java.lang.Error: Unresolved compilation problems: 
	The import edu.udel.cis.vsl.abc.front.c.preproc.PreprocessorParser cannot be resolved
	PreprocessorParser cannot be resolved to a variable
	PreprocessorParser cannot be resolved to a variable
	PreprocessorParser cannot be resolved to a variable

	at edu.udel.cis.vsl.abc.main.FrontEnd.&lt;init&gt;(FrontEnd.java:47)
	at edu.udel.cis.vsl.abc.SvcompTest.check(SvcompTest.java:51)
	at edu.udel.cis.vsl.abc.SvcompTest.parport(SvcompTest.java:118)
</error>

      </testcase>

      <testcase classname="edu.udel.cis.vsl.abc.SvcompTest" name="pointerIntConversions" time="0.008">
          <error message="Unresolved compilation problems: &#xa;&#x9;The import edu.udel.cis.vsl.abc.front.c.preproc.PreprocessorParser cannot be resolved&#xa;&#x9;PreprocessorParser cannot be resolved to a variable&#xa;&#x9;PreprocessorParser cannot be resolved to a variable&#xa;&#x9;PreprocessorParser cannot be resolved to a variable&#xa;" type="java.lang.Error">java.lang.Error: Unresolved compilation problems: 
	The import edu.udel.cis.vsl.abc.front.c.preproc.PreprocessorParser cannot be resolved
	PreprocessorParser cannot be resolved to a variable
	PreprocessorParser cannot be resolved to a variable
	PreprocessorParser cannot be resolved to a variable

	at edu.udel.cis.vsl.abc.main.FrontEnd.&lt;init&gt;(FrontEnd.java:47)
	at edu.udel.cis.vsl.abc.SvcompTest.check(SvcompTest.java:51)
	at edu.udel.cis.vsl.abc.SvcompTest.pointerIntConversions(SvcompTest.java:85)
</error>

      </testcase>

      <testcase classname="edu.udel.cis.vsl.abc.SvcompTest" name="sssc12_variant" time="0.004">
          <error message="Unresolved compilation problems: &#xa;&#x9;The import edu.udel.cis.vsl.abc.front.c.preproc.PreprocessorParser cannot be resolved&#xa;&#x9;PreprocessorParser cannot be resolved to a variable&#xa;&#x9;PreprocessorParser cannot be resolved to a variable&#xa;&#x9;PreprocessorParser cannot be resolved to a variable&#xa;" type="java.lang.Error">java.lang.Error: Unresolved compilation problems: 
	The import edu.udel.cis.vsl.abc.front.c.preproc.PreprocessorParser cannot be resolved
	PreprocessorParser cannot be resolved to a variable
	PreprocessorParser cannot be resolved to a variable
	PreprocessorParser cannot be resolved to a variable

	at edu.udel.cis.vsl.abc.main.FrontEnd.&lt;init&gt;(FrontEnd.java:47)
	at edu.udel.cis.vsl.abc.SvcompTest.check(SvcompTest.java:51)
	at edu.udel.cis.vsl.abc.SvcompTest.sssc12_variant(SvcompTest.java:90)
</error>

      </testcase>

      <testcase classname="edu.udel.cis.vsl.abc.SvcompTest" name="cond" time="0.003">
          <error message="Unresolved compilation problems: &#xa;&#x9;The import edu.udel.cis.vsl.abc.front.c.preproc.PreprocessorParser cannot be resolved&#xa;&#x9;PreprocessorParser cannot be resolved to a variable&#xa;&#x9;PreprocessorParser cannot be resolved to a variable&#xa;&#x9;PreprocessorParser cannot be resolved to a variable&#xa;" type="java.lang.Error">java.lang.Error: Unresolved compilation problems: 
	The import edu.udel.cis.vsl.abc.front.c.preproc.PreprocessorParser cannot be resolved
	PreprocessorParser cannot be resolved to a variable
	PreprocessorParser cannot be resolved to a variable
	PreprocessorParser cannot be resolved to a variable

	at edu.udel.cis.vsl.abc.main.FrontEnd.&lt;init&gt;(FrontEnd.java:47)
	at edu.udel.cis.vsl.abc.SvcompTest.check(SvcompTest.java:51)
	at edu.udel.cis.vsl.abc.SvcompTest.cond(SvcompTest.java:143)
</error>

      </testcase>

      <testcase classname="edu.udel.cis.vsl.abc.SvcompTest" name="array" time="0.004">
          <error message="Unresolved compilation problems: &#xa;&#x9;The import edu.udel.cis.vsl.abc.front.c.preproc.PreprocessorParser cannot be resolved&#xa;&#x9;PreprocessorParser cannot be resolved to a variable&#xa;&#x9;PreprocessorParser cannot be resolved to a variable&#xa;&#x9;PreprocessorParser cannot be resolved to a variable&#xa;" type="java.lang.Error">java.lang.Error: Unresolved compilation problems: 
	The import edu.udel.cis.vsl.abc.front.c.preproc.PreprocessorParser cannot be resolved
	PreprocessorParser cannot be resolved to a variable
	PreprocessorParser cannot be resolved to a variable
	PreprocessorParser cannot be resolved to a variable

	at edu.udel.cis.vsl.abc.main.FrontEnd.&lt;init&gt;(FrontEnd.java:47)
	at edu.udel.cis.vsl.abc.SvcompTest.check(SvcompTest.java:51)
	at edu.udel.cis.vsl.abc.SvcompTest.array(SvcompTest.java:70)
</error>

      </testcase>

      <testcase classname="edu.udel.cis.vsl.abc.SvcompTest" name="noEOF" time="0.015">
          <error message="Unresolved compilation problems: &#xa;&#x9;The import edu.udel.cis.vsl.abc.front.c.preproc.PreprocessorParser cannot be resolved&#xa;&#x9;PreprocessorParser cannot be resolved to a variable&#xa;&#x9;PreprocessorParser cannot be resolved to a variable&#xa;&#x9;PreprocessorParser cannot be resolved to a variable&#xa;" type="java.lang.Error">java.lang.Error: Unresolved compilation problems: 
	The import edu.udel.cis.vsl.abc.front.c.preproc.PreprocessorParser cannot be resolved
	PreprocessorParser cannot be resolved to a variable
	PreprocessorParser cannot be resolved to a variable
	PreprocessorParser cannot be resolved to a variable

	at edu.udel.cis.vsl.abc.main.FrontEnd.&lt;init&gt;(FrontEnd.java:47)
	at edu.udel.cis.vsl.abc.SvcompTest.check(SvcompTest.java:51)
	at edu.udel.cis.vsl.abc.SvcompTest.noEOF(SvcompTest.java:133)
</error>

      </testcase>

      <testcase classname="edu.udel.cis.vsl.abc.SvcompTest" name="parts" time="0.004">
          <error message="Unresolved compilation problems: &#xa;&#x9;The import edu.udel.cis.vsl.abc.front.c.preproc.PreprocessorParser cannot be resolved&#xa;&#x9;PreprocessorParser cannot be resolved to a variable&#xa;&#x9;PreprocessorParser cannot be resolved to a variable&#xa;&#x9;PreprocessorParser cannot be resolved to a variable&#xa;" type="java.lang.Error">java.lang.Error: Unresolved compilation problems: 
	The import edu.udel.cis.vsl.abc.front.c.preproc.PreprocessorParser cannot be resolved
	PreprocessorParser cannot be resolved to a variable
	PreprocessorParser cannot be resolved to a variable
	PreprocessorParser cannot be resolved to a variable

	at edu.udel.cis.vsl.abc.main.FrontEnd.&lt;init&gt;(FrontEnd.java:47)
	at edu.udel.cis.vsl.abc.SvcompTest.check(SvcompTest.java:51)
	at edu.udel.cis.vsl.abc.SvcompTest.parts(SvcompTest.java:138)
</error>

      </testcase>

      <testcase classname="edu.udel.cis.vsl.abc.SvcompTest" name="integerpromotion_false" time="0.016">
          <error message="Unresolved compilation problems: &#xa;&#x9;The import edu.udel.cis.vsl.abc.front.c.preproc.PreprocessorParser cannot be resolved&#xa;&#x9;PreprocessorParser cannot be resolved to a variable&#xa;&#x9;PreprocessorParser cannot be resolved to a variable&#xa;&#x9;PreprocessorParser cannot be resolved to a variable&#xa;" type="java.lang.Error">java.lang.Error: Unresolved compilation problems: 
	The import edu.udel.cis.vsl.abc.front.c.preproc.PreprocessorParser cannot be resolved
	PreprocessorParser cannot be resolved to a variable
	PreprocessorParser cannot be resolved to a variable
	PreprocessorParser cannot be resolved to a variable

	at edu.udel.cis.vsl.abc.main.FrontEnd.&lt;init&gt;(FrontEnd.java:47)
	at edu.udel.cis.vsl.abc.SvcompTest.check(SvcompTest.java:51)
	at edu.udel.cis.vsl.abc.SvcompTest.integerpromotion_false(SvcompTest.java:80)
</error>

      </testcase>

      <testcase classname="edu.udel.cis.vsl.abc.SvcompTest" name="cdaudio_simpl1" time="0.0">
          <skipped />

      </testcase>

      <testcase classname="edu.udel.cis.vsl.abc.SvcompTest" name="emptyReturn" time="0.004">
          <error message="Unresolved compilation problems: &#xa;&#x9;The import edu.udel.cis.vsl.abc.front.c.preproc.PreprocessorParser cannot be resolved&#xa;&#x9;PreprocessorParser cannot be resolved to a variable&#xa;&#x9;PreprocessorParser cannot be resolved to a variable&#xa;&#x9;PreprocessorParser cannot be resolved to a variable&#xa;" type="java.lang.Error">java.lang.Error: Unresolved compilation problems: 
	The import edu.udel.cis.vsl.abc.front.c.preproc.PreprocessorParser cannot be resolved
	PreprocessorParser cannot be resolved to a variable
	PreprocessorParser cannot be resolved to a variable
	PreprocessorParser cannot be resolved to a variable

	at edu.udel.cis.vsl.abc.main.FrontEnd.&lt;init&gt;(FrontEnd.java:47)
	at edu.udel.cis.vsl.abc.SvcompTest.check(SvcompTest.java:51)
	at edu.udel.cis.vsl.abc.SvcompTest.emptyReturn(SvcompTest.java:159)
</error>

      </testcase>

      <testcase classname="edu.udel.cis.vsl.abc.SvcompTest" name="emptyStruct" time="0.017">
          <error message="Unresolved compilation problems: &#xa;&#x9;The import edu.udel.cis.vsl.abc.front.c.preproc.PreprocessorParser cannot be resolved&#xa;&#x9;PreprocessorParser cannot be resolved to a variable&#xa;&#x9;PreprocessorParser cannot be resolved to a variable&#xa;&#x9;PreprocessorParser cannot be resolved to a variable&#xa;" type="java.lang.Error">java.lang.Error: Unresolved compilation problems: 
	The import edu.udel.cis.vsl.abc.front.c.preproc.PreprocessorParser cannot be resolved
	PreprocessorParser cannot be resolved to a variable
	PreprocessorParser cannot be resolved to a variable
	PreprocessorParser cannot be resolved to a variable

	at edu.udel.cis.vsl.abc.main.FrontEnd.&lt;init&gt;(FrontEnd.java:47)
	at edu.udel.cis.vsl.abc.SvcompTest.check(SvcompTest.java:51)
	at edu.udel.cis.vsl.abc.SvcompTest.emptyStruct(SvcompTest.java:108)
</error>

      </testcase>

      <testcase classname="edu.udel.cis.vsl.abc.SvcompTest" name="fpointer" time="0.003">
          <error message="Unresolved compilation problems: &#xa;&#x9;The import edu.udel.cis.vsl.abc.front.c.preproc.PreprocessorParser cannot be resolved&#xa;&#x9;PreprocessorParser cannot be resolved to a variable&#xa;&#x9;PreprocessorParser cannot be resolved to a variable&#xa;&#x9;PreprocessorParser cannot be resolved to a variable&#xa;" type="java.lang.Error">java.lang.Error: Unresolved compilation problems: 
	The import edu.udel.cis.vsl.abc.front.c.preproc.PreprocessorParser cannot be resolved
	PreprocessorParser cannot be resolved to a variable
	PreprocessorParser cannot be resolved to a variable
	PreprocessorParser cannot be resolved to a variable

	at edu.udel.cis.vsl.abc.main.FrontEnd.&lt;init&gt;(FrontEnd.java:47)
	at edu.udel.cis.vsl.abc.SvcompTest.check(SvcompTest.java:51)
	at edu.udel.cis.vsl.abc.SvcompTest.fpointer(SvcompTest.java:128)
</error>

      </testcase>

      <testcase classname="edu.udel.cis.vsl.abc.SvcompTest" name="function" time="0.004">
          <error message="Unresolved compilation problems: &#xa;&#x9;The import edu.udel.cis.vsl.abc.front.c.preproc.PreprocessorParser cannot be resolved&#xa;&#x9;PreprocessorParser cannot be resolved to a variable&#xa;&#x9;PreprocessorParser cannot be resolved to a variable&#xa;&#x9;PreprocessorParser cannot be resolved to a variable&#xa;" type="java.lang.Error">java.lang.Error: Unresolved compilation problems: 
	The import edu.udel.cis.vsl.abc.front.c.preproc.PreprocessorParser cannot be resolved
	PreprocessorParser cannot be resolved to a variable
	PreprocessorParser cannot be resolved to a variable
	PreprocessorParser cannot be resolved to a variable

	at edu.udel.cis.vsl.abc.main.FrontEnd.&lt;init&gt;(FrontEnd.java:47)
	at edu.udel.cis.vsl.abc.SvcompTest.check(SvcompTest.java:51)
	at edu.udel.cis.vsl.abc.SvcompTest.function(SvcompTest.java:65)
</error>

      </testcase>

      <testcase classname="edu.udel.cis.vsl.abc.SvcompTest" name="lazy01_false" time="0.004">
          <error message="Unresolved compilation problems: &#xa;&#x9;The import edu.udel.cis.vsl.abc.front.c.preproc.PreprocessorParser cannot be resolved&#xa;&#x9;PreprocessorParser cannot be resolved to a variable&#xa;&#x9;PreprocessorParser cannot be resolved to a variable&#xa;&#x9;PreprocessorParser cannot be resolved to a variable&#xa;" type="java.lang.Error">java.lang.Error: Unresolved compilation problems: 
	The import edu.udel.cis.vsl.abc.front.c.preproc.PreprocessorParser cannot be resolved
	PreprocessorParser cannot be resolved to a variable
	PreprocessorParser cannot be resolved to a variable
	PreprocessorParser cannot be resolved to a variable

	at edu.udel.cis.vsl.abc.main.FrontEnd.&lt;init&gt;(FrontEnd.java:47)
	at edu.udel.cis.vsl.abc.SvcompTest.check(SvcompTest.java:51)
	at edu.udel.cis.vsl.abc.SvcompTest.lazy01_false(SvcompTest.java:149)
</error>

      </testcase>

      <system-out><![CDATA[]]></system-out>

      <system-err><![CDATA[]]></system-err>

  </testsuite>
  <testsuite errors="1" failures="0" hostname="arnabd-VirtualBox" id="17" name="SimpleFortranTest" package="edu.udel.cis.vsl.abc.fortran" skipped="0" tests="1" time="0.0" timestamp="2016-04-11T08:08:02">
      <properties>
[...]
</properties>

      <error message="Unresolved compilation problems: &#xa;&#x9;The import edu.udel.cis.vsl.abc.front.c.preproc.PreprocessorParser cannot be resolved&#xa;&#x9;PreprocessorParser cannot be resolved to a variable&#xa;&#x9;PreprocessorParser cannot be resolved to a variable&#xa;&#x9;PreprocessorParser cannot be resolved to a variable&#xa;" type="java.lang.Error">java.lang.Error: Unresolved compilation problems: 
	The import edu.udel.cis.vsl.abc.front.c.preproc.PreprocessorParser cannot be resolved
	PreprocessorParser cannot be resolved to a variable
	PreprocessorParser cannot be resolved to a variable
	PreprocessorParser cannot be resolved to a variable

	at edu.udel.cis.vsl.abc.main.FrontEnd.&lt;init&gt;(FrontEnd.java:47)
	at edu.udel.cis.vsl.abc.fortran.SimpleFortranTest.&lt;clinit&gt;(SimpleFortranTest.java:33)
	at java.lang.Class.forName0(Native Method)
	at java.lang.Class.forName(Class.java:195)
</error>

      <system-out><![CDATA[]]></system-out>

      <system-err><![CDATA[]]></system-err>

  </testsuite>
  <testsuite errors="1" failures="0" hostname="arnabd-VirtualBox" id="18" name="ACSLTest" package="edu.udel.cis.vsl.abc.parse" skipped="0" tests="1" time="0.0" timestamp="2016-04-11T08:08:02">
      <properties>
[...]
</properties>

      <error message="Unresolved compilation problems: &#xa;&#x9;The import edu.udel.cis.vsl.abc.front.c.preproc.PreprocessorParser cannot be resolved&#xa;&#x9;PreprocessorParser cannot be resolved to a variable&#xa;&#x9;PreprocessorParser cannot be resolved to a variable&#xa;&#x9;PreprocessorParser cannot be resolved to a variable&#xa;" type="java.lang.Error">java.lang.Error: Unresolved compilation problems: 
	The import edu.udel.cis.vsl.abc.front.c.preproc.PreprocessorParser cannot be resolved
	PreprocessorParser cannot be resolved to a variable
	PreprocessorParser cannot be resolved to a variable
	PreprocessorParser cannot be resolved to a variable

	at edu.udel.cis.vsl.abc.main.FrontEnd.&lt;init&gt;(FrontEnd.java:47)
	at edu.udel.cis.vsl.abc.parse.ACSLTest.&lt;clinit&gt;(ACSLTest.java:34)
	at java.lang.Class.forName0(Native Method)
	at java.lang.Class.forName(Class.java:195)
</error>

      <system-out><![CDATA[]]></system-out>

      <system-err><![CDATA[]]></system-err>

  </testsuite>
  <testsuite errors="1" failures="0" hostname="arnabd-VirtualBox" id="19" name="CParserTest" package="edu.udel.cis.vsl.abc.parse" skipped="0" tests="1" time="0.0" timestamp="2016-04-11T08:08:02">
      <properties>
[...]
</properties>

      <error message="Unresolved compilation problems: &#xa;&#x9;The import edu.udel.cis.vsl.abc.front.c.preproc.PreprocessorParser cannot be resolved&#xa;&#x9;PreprocessorLexer cannot be resolved to a variable&#xa;&#x9;PreprocessorLexer cannot be resolved to a type&#xa;&#x9;PreprocessorLexer cannot be resolved to a type&#xa;&#x9;PreprocessorLexer cannot be resolved to a type&#xa;&#x9;The method lexer(File) from the type CPreprocessor refers to the missing type PreprocessorLexer&#xa;&#x9;PreprocessorParser cannot be resolved to a type&#xa;&#x9;PreprocessorLexer cannot be resolved to a type&#xa;&#x9;The method lexer(File) from the type CPreprocessor refers to the missing type PreprocessorLexer&#xa;&#x9;PreprocessorParser cannot be resolved to a variable&#xa;&#x9;PreprocessorParser cannot be resolved to a variable&#xa;&#x9;PreprocessorParser cannot be resolved to a type&#xa;&#x9;PreprocessorParser cannot be resolved to a type&#xa;&#x9;The method parser(File) from the type CPreprocessor refers to the missing type PreprocessorParser&#xa;&#x9;file_return cannot be resolved to a type&#xa;" type="java.lang.Error">java.lang.Error: Unresolved compilation problems: 
	The import edu.udel.cis.vsl.abc.front.c.preproc.PreprocessorParser cannot be resolved
	PreprocessorLexer cannot be resolved to a variable
	PreprocessorLexer cannot be resolved to a type
	PreprocessorLexer cannot be resolved to a type
	PreprocessorLexer cannot be resolved to a type
	The method lexer(File) from the type CPreprocessor refers to the missing type PreprocessorLexer
	PreprocessorParser cannot be resolved to a type
	PreprocessorLexer cannot be resolved to a type
	The method lexer(File) from the type CPreprocessor refers to the missing type PreprocessorLexer
	PreprocessorParser cannot be resolved to a variable
	PreprocessorParser cannot be resolved to a variable
	PreprocessorParser cannot be resolved to a type
	PreprocessorParser cannot be resolved to a type
	The method parser(File) from the type CPreprocessor refers to the missing type PreprocessorParser
	file_return cannot be resolved to a type

	at edu.udel.cis.vsl.abc.front.c.preproc.CPreprocessor.&lt;init&gt;(CPreprocessor.java:25)
	at edu.udel.cis.vsl.abc.front.IF.Front.newPreprocessor(Front.java:43)
	at edu.udel.cis.vsl.abc.parse.CParserTest.&lt;clinit&gt;(CParserTest.java:25)
	at java.lang.Class.forName0(Native Method)
	at java.lang.Class.forName(Class.java:195)
</error>

      <system-out><![CDATA[]]></system-out>

      <system-err><![CDATA[]]></system-err>

  </testsuite>
  <testsuite errors="0" failures="0" hostname="arnabd-VirtualBox" id="20" name="FilteredCharStreamTest" package="edu.udel.cis.vsl.abc.preproc" skipped="0" tests="9" time="0.196" timestamp="2016-04-11T08:08:02">
      <properties>
[...]
</properties>

      <testcase classname="edu.udel.cis.vsl.abc.preproc.FilteredCharStreamTest" name="testBackslashOnly" time="0.065" />

      <testcase classname="edu.udel.cis.vsl.abc.preproc.FilteredCharStreamTest" name="testEnd" time="0.001" />

      <testcase classname="edu.udel.cis.vsl.abc.preproc.FilteredCharStreamTest" name="testBegin" time="0.002" />

      <testcase classname="edu.udel.cis.vsl.abc.preproc.FilteredCharStreamTest" name="testEmpty" time="0.009" />

      <testcase classname="edu.udel.cis.vsl.abc.preproc.FilteredCharStreamTest" name="testNone" time="0.001" />

      <testcase classname="edu.udel.cis.vsl.abc.preproc.FilteredCharStreamTest" name="testDouble" time="0.002" />

      <testcase classname="edu.udel.cis.vsl.abc.preproc.FilteredCharStreamTest" name="testMiddle" time="0.004" />

      <testcase classname="edu.udel.cis.vsl.abc.preproc.FilteredCharStreamTest" name="testNewlineOnly" time="0.001" />

      <testcase classname="edu.udel.cis.vsl.abc.preproc.FilteredCharStreamTest" name="testDoubleBegin" time="0.001" />

      <system-out><![CDATA[]]></system-out>

      <system-err><![CDATA[]]></system-err>

  </testsuite>
  <testsuite errors="3" failures="0" hostname="arnabd-VirtualBox" id="21" name="MacroTest" package="edu.udel.cis.vsl.abc.preproc" skipped="0" tests="3" time="0.072" timestamp="2016-04-11T08:08:03">
      <properties>
[...]
</properties>

      <testcase classname="edu.udel.cis.vsl.abc.preproc.MacroTest" name="adder1" time="0.013">
          <error message="Unresolved compilation problems: &#xa;&#x9;The import edu.udel.cis.vsl.abc.front.c.preproc.PreprocessorParser cannot be resolved&#xa;&#x9;PreprocessorParser cannot be resolved to a variable&#xa;&#x9;PreprocessorParser cannot be resolved to a variable&#xa;&#x9;PreprocessorParser cannot be resolved to a variable&#xa;" type="java.lang.Error">java.lang.Error: Unresolved compilation problems: 
	The import edu.udel.cis.vsl.abc.front.c.preproc.PreprocessorParser cannot be resolved
	PreprocessorParser cannot be resolved to a variable
	PreprocessorParser cannot be resolved to a variable
	PreprocessorParser cannot be resolved to a variable

	at edu.udel.cis.vsl.abc.main.FrontEnd.&lt;init&gt;(FrontEnd.java:47)
	at edu.udel.cis.vsl.abc.main.ABC.main(ABC.java:367)
	at edu.udel.cis.vsl.abc.preproc.MacroTest.run(MacroTest.java:12)
	at edu.udel.cis.vsl.abc.preproc.MacroTest.adder1(MacroTest.java:18)
</error>

      </testcase>

      <testcase classname="edu.udel.cis.vsl.abc.preproc.MacroTest" name="adder2" time="0.024">
          <error message="Unresolved compilation problems: &#xa;&#x9;The import edu.udel.cis.vsl.abc.front.c.preproc.PreprocessorParser cannot be resolved&#xa;&#x9;PreprocessorParser cannot be resolved to a variable&#xa;&#x9;PreprocessorParser cannot be resolved to a variable&#xa;&#x9;PreprocessorParser cannot be resolved to a variable&#xa;" type="java.lang.Error">java.lang.Error: Unresolved compilation problems: 
	The import edu.udel.cis.vsl.abc.front.c.preproc.PreprocessorParser cannot be resolved
	PreprocessorParser cannot be resolved to a variable
	PreprocessorParser cannot be resolved to a variable
	PreprocessorParser cannot be resolved to a variable

	at edu.udel.cis.vsl.abc.main.FrontEnd.&lt;init&gt;(FrontEnd.java:47)
	at edu.udel.cis.vsl.abc.main.ABC.main(ABC.java:367)
	at edu.udel.cis.vsl.abc.preproc.MacroTest.run(MacroTest.java:12)
	at edu.udel.cis.vsl.abc.preproc.MacroTest.adder2(MacroTest.java:24)
</error>

      </testcase>

      <testcase classname="edu.udel.cis.vsl.abc.preproc.MacroTest" name="intro" time="0.008">
          <error message="Unresolved compilation problems: &#xa;&#x9;The import edu.udel.cis.vsl.abc.front.c.preproc.PreprocessorParser cannot be resolved&#xa;&#x9;PreprocessorParser cannot be resolved to a variable&#xa;&#x9;PreprocessorParser cannot be resolved to a variable&#xa;&#x9;PreprocessorParser cannot be resolved to a variable&#xa;" type="java.lang.Error">java.lang.Error: Unresolved compilation problems: 
	The import edu.udel.cis.vsl.abc.front.c.preproc.PreprocessorParser cannot be resolved
	PreprocessorParser cannot be resolved to a variable
	PreprocessorParser cannot be resolved to a variable
	PreprocessorParser cannot be resolved to a variable

	at edu.udel.cis.vsl.abc.main.FrontEnd.&lt;init&gt;(FrontEnd.java:47)
	at edu.udel.cis.vsl.abc.main.ABC.main(ABC.java:367)
	at edu.udel.cis.vsl.abc.preproc.MacroTest.run(MacroTest.java:12)
	at edu.udel.cis.vsl.abc.preproc.MacroTest.intro(MacroTest.java:29)
</error>

      </testcase>

      <system-out><![CDATA[ABC v0.2 of 31-mar-2014 -- http://vsl.cis.udel.edu/abc

ABC v0.2 of 31-mar-2014 -- http://vsl.cis.udel.edu/abc

ABC v0.2 of 31-mar-2014 -- http://vsl.cis.udel.edu/abc

]]></system-out>

      <system-err><![CDATA[]]></system-err>

  </testsuite>
  <testsuite errors="19" failures="0" hostname="arnabd-VirtualBox" id="22" name="PreprocessorExpressionAnalyzerTest" package="edu.udel.cis.vsl.abc.preproc" skipped="1" tests="20" time="0.249" timestamp="2016-04-11T08:08:03">
      <properties>
[...]
</properties>

      <testcase classname="edu.udel.cis.vsl.abc.preproc.PreprocessorExpressionAnalyzerTest" name="testUndefinedMacro" time="0.003">
          <error message="Unresolved compilation problems: &#xa;&#x9;PreprocessorLexer cannot be resolved to a type&#xa;&#x9;PreprocessorLexer cannot be resolved to a type&#xa;" type="java.lang.Error">java.lang.Error: Unresolved compilation problems: 
	PreprocessorLexer cannot be resolved to a type
	PreprocessorLexer cannot be resolved to a type

	at edu.udel.cis.vsl.abc.front.c.preproc.PreprocessorExpressionAnalyzer.parse(PreprocessorExpressionAnalyzer.java:109)
	at edu.udel.cis.vsl.abc.front.c.preproc.PreprocessorExpressionAnalyzer.evaluate(PreprocessorExpressionAnalyzer.java:233)
	at edu.udel.cis.vsl.abc.preproc.PreprocessorExpressionAnalyzerTest.testUndefinedMacro(PreprocessorExpressionAnalyzerTest.java:66)
</error>

      </testcase>

      <testcase classname="edu.udel.cis.vsl.abc.preproc.PreprocessorExpressionAnalyzerTest" name="testSpewString" time="0.043">
          <error message="Unresolved compilation problems: &#xa;&#x9;PreprocessorLexer cannot be resolved to a type&#xa;&#x9;PreprocessorLexer cannot be resolved to a type&#xa;" type="java.lang.Error">java.lang.Error: Unresolved compilation problems: 
	PreprocessorLexer cannot be resolved to a type
	PreprocessorLexer cannot be resolved to a type

	at edu.udel.cis.vsl.abc.front.c.preproc.PreprocessorExpressionAnalyzer.spewString(PreprocessorExpressionAnalyzer.java:65)
	at edu.udel.cis.vsl.abc.preproc.PreprocessorExpressionAnalyzerTest.testSpewString(PreprocessorExpressionAnalyzerTest.java:274)
</error>

      </testcase>

      <testcase classname="edu.udel.cis.vsl.abc.preproc.PreprocessorExpressionAnalyzerTest" name="testParseError2" time="0.018">
          <error message="Unexpected exception, expected&lt;edu.udel.cis.vsl.abc.front.IF.PreprocessorException&gt; but was&lt;java.lang.Error&gt;" type="java.lang.Exception">java.lang.Exception: Unexpected exception, expected&lt;edu.udel.cis.vsl.abc.front.IF.PreprocessorException&gt; but was&lt;java.lang.Error&gt;
Caused by: java.lang.Error: Unresolved compilation problems: 
	PreprocessorLexer cannot be resolved to a type
	PreprocessorLexer cannot be resolved to a type

	at edu.udel.cis.vsl.abc.front.c.preproc.PreprocessorExpressionAnalyzer.parse(PreprocessorExpressionAnalyzer.java:109)
	at edu.udel.cis.vsl.abc.preproc.PreprocessorExpressionAnalyzerTest.testParseError2(PreprocessorExpressionAnalyzerTest.java:312)
</error>

      </testcase>

      <testcase classname="edu.udel.cis.vsl.abc.preproc.PreprocessorExpressionAnalyzerTest" name="testParseError" time="0.0">
          <skipped />

      </testcase>

      <testcase classname="edu.udel.cis.vsl.abc.preproc.PreprocessorExpressionAnalyzerTest" name="testAnd" time="0.003">
          <error message="Unresolved compilation problems: &#xa;&#x9;PreprocessorLexer cannot be resolved to a type&#xa;&#x9;PreprocessorLexer cannot be resolved to a type&#xa;" type="java.lang.Error">java.lang.Error: Unresolved compilation problems: 
	PreprocessorLexer cannot be resolved to a type
	PreprocessorLexer cannot be resolved to a type

	at edu.udel.cis.vsl.abc.front.c.preproc.PreprocessorExpressionAnalyzer.parse(PreprocessorExpressionAnalyzer.java:109)
	at edu.udel.cis.vsl.abc.front.c.preproc.PreprocessorExpressionAnalyzer.evaluate(PreprocessorExpressionAnalyzer.java:233)
	at edu.udel.cis.vsl.abc.preproc.PreprocessorExpressionAnalyzerTest.testAnd(PreprocessorExpressionAnalyzerTest.java:198)
</error>

      </testcase>

      <testcase classname="edu.udel.cis.vsl.abc.preproc.PreprocessorExpressionAnalyzerTest" name="testAdd1" time="0.003">
          <error message="Unresolved compilation problems: &#xa;&#x9;PreprocessorLexer cannot be resolved to a type&#xa;&#x9;PreprocessorLexer cannot be resolved to a type&#xa;" type="java.lang.Error">java.lang.Error: Unresolved compilation problems: 
	PreprocessorLexer cannot be resolved to a type
	PreprocessorLexer cannot be resolved to a type

	at edu.udel.cis.vsl.abc.front.c.preproc.PreprocessorExpressionAnalyzer.parse(PreprocessorExpressionAnalyzer.java:109)
	at edu.udel.cis.vsl.abc.front.c.preproc.PreprocessorExpressionAnalyzer.evaluate(PreprocessorExpressionAnalyzer.java:233)
	at edu.udel.cis.vsl.abc.preproc.PreprocessorExpressionAnalyzerTest.testAdd1(PreprocessorExpressionAnalyzerTest.java:54)
</error>

      </testcase>

      <testcase classname="edu.udel.cis.vsl.abc.preproc.PreprocessorExpressionAnalyzerTest" name="testMain" time="0.004">
          <error message="Unresolved compilation problems: &#xa;&#x9;PreprocessorLexer cannot be resolved to a type&#xa;&#x9;PreprocessorLexer cannot be resolved to a type&#xa;" type="java.lang.Error">java.lang.Error: Unresolved compilation problems: 
	PreprocessorLexer cannot be resolved to a type
	PreprocessorLexer cannot be resolved to a type

	at edu.udel.cis.vsl.abc.front.c.preproc.PreprocessorExpressionAnalyzer.parse(PreprocessorExpressionAnalyzer.java:109)
	at edu.udel.cis.vsl.abc.front.c.preproc.PreprocessorExpressionAnalyzer.evaluate(PreprocessorExpressionAnalyzer.java:233)
	at edu.udel.cis.vsl.abc.front.c.preproc.PreprocessorExpressionAnalyzer.main(PreprocessorExpressionAnalyzer.java:251)
	at edu.udel.cis.vsl.abc.preproc.PreprocessorExpressionAnalyzerTest.testMain(PreprocessorExpressionAnalyzerTest.java:287)
</error>

      </testcase>

      <testcase classname="edu.udel.cis.vsl.abc.preproc.PreprocessorExpressionAnalyzerTest" name="testNot1" time="0.015">
          <error message="Unresolved compilation problems: &#xa;&#x9;PreprocessorLexer cannot be resolved to a type&#xa;&#x9;PreprocessorLexer cannot be resolved to a type&#xa;" type="java.lang.Error">java.lang.Error: Unresolved compilation problems: 
	PreprocessorLexer cannot be resolved to a type
	PreprocessorLexer cannot be resolved to a type

	at edu.udel.cis.vsl.abc.front.c.preproc.PreprocessorExpressionAnalyzer.parse(PreprocessorExpressionAnalyzer.java:109)
	at edu.udel.cis.vsl.abc.front.c.preproc.PreprocessorExpressionAnalyzer.evaluate(PreprocessorExpressionAnalyzer.java:233)
	at edu.udel.cis.vsl.abc.preproc.PreprocessorExpressionAnalyzerTest.testNot1(PreprocessorExpressionAnalyzerTest.java:117)
</error>

      </testcase>

      <testcase classname="edu.udel.cis.vsl.abc.preproc.PreprocessorExpressionAnalyzerTest" name="testNot2" time="0.011">
          <error message="Unresolved compilation problems: &#xa;&#x9;PreprocessorLexer cannot be resolved to a type&#xa;&#x9;PreprocessorLexer cannot be resolved to a type&#xa;" type="java.lang.Error">java.lang.Error: Unresolved compilation problems: 
	PreprocessorLexer cannot be resolved to a type
	PreprocessorLexer cannot be resolved to a type

	at edu.udel.cis.vsl.abc.front.c.preproc.PreprocessorExpressionAnalyzer.parse(PreprocessorExpressionAnalyzer.java:109)
	at edu.udel.cis.vsl.abc.front.c.preproc.PreprocessorExpressionAnalyzer.evaluate(PreprocessorExpressionAnalyzer.java:233)
	at edu.udel.cis.vsl.abc.preproc.PreprocessorExpressionAnalyzerTest.testNot2(PreprocessorExpressionAnalyzerTest.java:128)
</error>

      </testcase>

      <testcase classname="edu.udel.cis.vsl.abc.preproc.PreprocessorExpressionAnalyzerTest" name="testPlus" time="0.003">
          <error message="Unresolved compilation problems: &#xa;&#x9;PreprocessorLexer cannot be resolved to a type&#xa;&#x9;PreprocessorLexer cannot be resolved to a type&#xa;" type="java.lang.Error">java.lang.Error: Unresolved compilation problems: 
	PreprocessorLexer cannot be resolved to a type
	PreprocessorLexer cannot be resolved to a type

	at edu.udel.cis.vsl.abc.front.c.preproc.PreprocessorExpressionAnalyzer.parse(PreprocessorExpressionAnalyzer.java:109)
	at edu.udel.cis.vsl.abc.front.c.preproc.PreprocessorExpressionAnalyzer.evaluate(PreprocessorExpressionAnalyzer.java:233)
	at edu.udel.cis.vsl.abc.preproc.PreprocessorExpressionAnalyzerTest.testPlus(PreprocessorExpressionAnalyzerTest.java:106)
</error>

      </testcase>

      <testcase classname="edu.udel.cis.vsl.abc.preproc.PreprocessorExpressionAnalyzerTest" name="testComparators" time="0.024">
          <error message="Unresolved compilation problems: &#xa;&#x9;PreprocessorLexer cannot be resolved to a type&#xa;&#x9;PreprocessorLexer cannot be resolved to a type&#xa;" type="java.lang.Error">java.lang.Error: Unresolved compilation problems: 
	PreprocessorLexer cannot be resolved to a type
	PreprocessorLexer cannot be resolved to a type

	at edu.udel.cis.vsl.abc.front.c.preproc.PreprocessorExpressionAnalyzer.parse(PreprocessorExpressionAnalyzer.java:109)
	at edu.udel.cis.vsl.abc.front.c.preproc.PreprocessorExpressionAnalyzer.evaluate(PreprocessorExpressionAnalyzer.java:233)
	at edu.udel.cis.vsl.abc.preproc.PreprocessorExpressionAnalyzerTest.testComparators(PreprocessorExpressionAnalyzerTest.java:227)
</error>

      </testcase>

      <testcase classname="edu.udel.cis.vsl.abc.preproc.PreprocessorExpressionAnalyzerTest" name="testDivision1" time="0.002">
          <error message="Unresolved compilation problems: &#xa;&#x9;PreprocessorLexer cannot be resolved to a type&#xa;&#x9;PreprocessorLexer cannot be resolved to a type&#xa;" type="java.lang.Error">java.lang.Error: Unresolved compilation problems: 
	PreprocessorLexer cannot be resolved to a type
	PreprocessorLexer cannot be resolved to a type

	at edu.udel.cis.vsl.abc.front.c.preproc.PreprocessorExpressionAnalyzer.parse(PreprocessorExpressionAnalyzer.java:109)
	at edu.udel.cis.vsl.abc.front.c.preproc.PreprocessorExpressionAnalyzer.evaluate(PreprocessorExpressionAnalyzer.java:233)
	at edu.udel.cis.vsl.abc.preproc.PreprocessorExpressionAnalyzerTest.testDivision1(PreprocessorExpressionAnalyzerTest.java:162)
</error>

      </testcase>

      <testcase classname="edu.udel.cis.vsl.abc.preproc.PreprocessorExpressionAnalyzerTest" name="testDivision2" time="0.006">
          <error message="Unresolved compilation problems: &#xa;&#x9;PreprocessorLexer cannot be resolved to a type&#xa;&#x9;PreprocessorLexer cannot be resolved to a type&#xa;" type="java.lang.Error">java.lang.Error: Unresolved compilation problems: 
	PreprocessorLexer cannot be resolved to a type
	PreprocessorLexer cannot be resolved to a type

	at edu.udel.cis.vsl.abc.front.c.preproc.PreprocessorExpressionAnalyzer.parse(PreprocessorExpressionAnalyzer.java:109)
	at edu.udel.cis.vsl.abc.front.c.preproc.PreprocessorExpressionAnalyzer.evaluate(PreprocessorExpressionAnalyzer.java:233)
	at edu.udel.cis.vsl.abc.preproc.PreprocessorExpressionAnalyzerTest.testDivision2(PreprocessorExpressionAnalyzerTest.java:176)
</error>

      </testcase>

      <testcase classname="edu.udel.cis.vsl.abc.preproc.PreprocessorExpressionAnalyzerTest" name="testOr" time="0.003">
          <error message="Unresolved compilation problems: &#xa;&#x9;PreprocessorLexer cannot be resolved to a type&#xa;&#x9;PreprocessorLexer cannot be resolved to a type&#xa;" type="java.lang.Error">java.lang.Error: Unresolved compilation problems: 
	PreprocessorLexer cannot be resolved to a type
	PreprocessorLexer cannot be resolved to a type

	at edu.udel.cis.vsl.abc.front.c.preproc.PreprocessorExpressionAnalyzer.parse(PreprocessorExpressionAnalyzer.java:109)
	at edu.udel.cis.vsl.abc.front.c.preproc.PreprocessorExpressionAnalyzer.evaluate(PreprocessorExpressionAnalyzer.java:233)
	at edu.udel.cis.vsl.abc.preproc.PreprocessorExpressionAnalyzerTest.testOr(PreprocessorExpressionAnalyzerTest.java:212)
</error>

      </testcase>

      <testcase classname="edu.udel.cis.vsl.abc.preproc.PreprocessorExpressionAnalyzerTest" name="testMultiplication" time="0.003">
          <error message="Unresolved compilation problems: &#xa;&#x9;PreprocessorLexer cannot be resolved to a type&#xa;&#x9;PreprocessorLexer cannot be resolved to a type&#xa;" type="java.lang.Error">java.lang.Error: Unresolved compilation problems: 
	PreprocessorLexer cannot be resolved to a type
	PreprocessorLexer cannot be resolved to a type

	at edu.udel.cis.vsl.abc.front.c.preproc.PreprocessorExpressionAnalyzer.parse(PreprocessorExpressionAnalyzer.java:109)
	at edu.udel.cis.vsl.abc.front.c.preproc.PreprocessorExpressionAnalyzer.evaluate(PreprocessorExpressionAnalyzer.java:233)
	at edu.udel.cis.vsl.abc.preproc.PreprocessorExpressionAnalyzerTest.testMultiplication(PreprocessorExpressionAnalyzerTest.java:150)
</error>

      </testcase>

      <testcase classname="edu.udel.cis.vsl.abc.preproc.PreprocessorExpressionAnalyzerTest" name="testModulus" time="0.002">
          <error message="Unresolved compilation problems: &#xa;&#x9;PreprocessorLexer cannot be resolved to a type&#xa;&#x9;PreprocessorLexer cannot be resolved to a type&#xa;" type="java.lang.Error">java.lang.Error: Unresolved compilation problems: 
	PreprocessorLexer cannot be resolved to a type
	PreprocessorLexer cannot be resolved to a type

	at edu.udel.cis.vsl.abc.front.c.preproc.PreprocessorExpressionAnalyzer.parse(PreprocessorExpressionAnalyzer.java:109)
	at edu.udel.cis.vsl.abc.front.c.preproc.PreprocessorExpressionAnalyzer.evaluate(PreprocessorExpressionAnalyzer.java:233)
	at edu.udel.cis.vsl.abc.preproc.PreprocessorExpressionAnalyzerTest.testModulus(PreprocessorExpressionAnalyzerTest.java:187)
</error>

      </testcase>

      <testcase classname="edu.udel.cis.vsl.abc.preproc.PreprocessorExpressionAnalyzerTest" name="testDefined" time="0.002">
          <error message="Unresolved compilation problems: &#xa;&#x9;PreprocessorLexer cannot be resolved to a type&#xa;&#x9;PreprocessorLexer cannot be resolved to a type&#xa;" type="java.lang.Error">java.lang.Error: Unresolved compilation problems: 
	PreprocessorLexer cannot be resolved to a type
	PreprocessorLexer cannot be resolved to a type

	at edu.udel.cis.vsl.abc.front.c.preproc.PreprocessorExpressionAnalyzer.parse(PreprocessorExpressionAnalyzer.java:109)
	at edu.udel.cis.vsl.abc.front.c.preproc.PreprocessorExpressionAnalyzer.evaluate(PreprocessorExpressionAnalyzer.java:233)
	at edu.udel.cis.vsl.abc.preproc.PreprocessorExpressionAnalyzerTest.testDefined(PreprocessorExpressionAnalyzerTest.java:78)
</error>

      </testcase>

      <testcase classname="edu.udel.cis.vsl.abc.preproc.PreprocessorExpressionAnalyzerTest" name="testNegative" time="0.002">
          <error message="Unresolved compilation problems: &#xa;&#x9;PreprocessorLexer cannot be resolved to a type&#xa;&#x9;PreprocessorLexer cannot be resolved to a type&#xa;" type="java.lang.Error">java.lang.Error: Unresolved compilation problems: 
	PreprocessorLexer cannot be resolved to a type
	PreprocessorLexer cannot be resolved to a type

	at edu.udel.cis.vsl.abc.front.c.preproc.PreprocessorExpressionAnalyzer.parse(PreprocessorExpressionAnalyzer.java:109)
	at edu.udel.cis.vsl.abc.front.c.preproc.PreprocessorExpressionAnalyzer.evaluate(PreprocessorExpressionAnalyzer.java:233)
	at edu.udel.cis.vsl.abc.preproc.PreprocessorExpressionAnalyzerTest.testNegative(PreprocessorExpressionAnalyzerTest.java:95)
</error>

      </testcase>

      <testcase classname="edu.udel.cis.vsl.abc.preproc.PreprocessorExpressionAnalyzerTest" name="testSubtraction" time="0.003">
          <error message="Unresolved compilation problems: &#xa;&#x9;PreprocessorLexer cannot be resolved to a type&#xa;&#x9;PreprocessorLexer cannot be resolved to a type&#xa;" type="java.lang.Error">java.lang.Error: Unresolved compilation problems: 
	PreprocessorLexer cannot be resolved to a type
	PreprocessorLexer cannot be resolved to a type

	at edu.udel.cis.vsl.abc.front.c.preproc.PreprocessorExpressionAnalyzer.parse(PreprocessorExpressionAnalyzer.java:109)
	at edu.udel.cis.vsl.abc.front.c.preproc.PreprocessorExpressionAnalyzer.evaluate(PreprocessorExpressionAnalyzer.java:233)
	at edu.udel.cis.vsl.abc.preproc.PreprocessorExpressionAnalyzerTest.testSubtraction(PreprocessorExpressionAnalyzerTest.java:139)
</error>

      </testcase>

      <testcase classname="edu.udel.cis.vsl.abc.preproc.PreprocessorExpressionAnalyzerTest" name="testBadInput1" time="0.003">
          <error message="Unexpected exception, expected&lt;edu.udel.cis.vsl.abc.front.IF.PreprocessorException&gt; but was&lt;java.lang.Error&gt;" type="java.lang.Exception">java.lang.Exception: Unexpected exception, expected&lt;edu.udel.cis.vsl.abc.front.IF.PreprocessorException&gt; but was&lt;java.lang.Error&gt;
Caused by: java.lang.Error: Unresolved compilation problems: 
	PreprocessorLexer cannot be resolved to a type
	PreprocessorLexer cannot be resolved to a type

	at edu.udel.cis.vsl.abc.front.c.preproc.PreprocessorExpressionAnalyzer.parse(PreprocessorExpressionAnalyzer.java:109)
	at edu.udel.cis.vsl.abc.front.c.preproc.PreprocessorExpressionAnalyzer.evaluate(PreprocessorExpressionAnalyzer.java:233)
	at edu.udel.cis.vsl.abc.preproc.PreprocessorExpressionAnalyzerTest.testBadInput1(PreprocessorExpressionAnalyzerTest.java:252)
</error>

      </testcase>

      <system-out><![CDATA[]]></system-out>

      <system-err><![CDATA[]]></system-err>

  </testsuite>
</testsuites>
