<?xml version="1.0" encoding="UTF-8" ?>
<testsuite errors="1" failures="0" hostname="arnabd-VirtualBox" name="edu.udel.cis.vsl.abc.CTranslationTest" skipped="0" tests="1" time="0.0" timestamp="2016-04-11T08:07:56">
  <properties>
[...]
</properties>
  <error message="Unresolved compilation problems: &#xa;&#x9;The import edu.udel.cis.vsl.abc.front.c.preproc.PreprocessorParser cannot be resolved&#xa;&#x9;PreprocessorParser cannot be resolved to a variable&#xa;&#x9;PreprocessorParser cannot be resolved to a variable&#xa;&#x9;PreprocessorParser cannot be resolved to a variable&#xa;" type="java.lang.Error">java.lang.Error: Unresolved compilation problems: 
	The import edu.udel.cis.vsl.abc.front.c.preproc.PreprocessorParser cannot be resolved
	PreprocessorParser cannot be resolved to a variable
	PreprocessorParser cannot be resolved to a variable
	PreprocessorParser cannot be resolved to a variable

	at edu.udel.cis.vsl.abc.main.FrontEnd.&lt;init&gt;(FrontEnd.java:47)
	at edu.udel.cis.vsl.abc.CTranslationTest.&lt;clinit&gt;(CTranslationTest.java:43)
	at java.lang.Class.forName0(Native Method)
	at java.lang.Class.forName(Class.java:195)
</error>
  <system-out><![CDATA[]]></system-out>
  <system-err><![CDATA[]]></system-err>
</testsuite>
